Using pre-set license
Built from '2020.3/staging' branch; Version is '2020.3.29f1 (2ff179115da0) revision 3142009'; Using compiler version '192528614'; Build Type 'Release'
OS: 'Windows 10  (10.0.19043) 64bit Core' Language: 'fr' Physical Memory: 8052 MB
BatchMode: 1, IsHumanControllingUs: 0, StartBugReporterOnCrash: 0, Is64bit: 1, IsPro: 0

COMMAND LINE ARGUMENTS:
C:\Program Files\Unity\Hub\Editor\2020.3.29f1\Editor\Unity.exe
-adb2
-batchMode
-noUpm
-name
AssetImportWorker0
-projectPath
C:/Users/Antoine/InteractionPersonneSysteme/CS213
-logFile
Logs/AssetImportWorker0.log
-srvPort
31726
Successfully changed project path to: C:/Users/Antoine/InteractionPersonneSysteme/CS213
C:/Users/Antoine/InteractionPersonneSysteme/CS213
Using Asset Import Pipeline V2.
Refreshing native plugins compatible for Editor in 137.42 ms, found 2 plugins.
Preloading 0 native plugins for Editor in 0.00 ms.
Initialize engine version: 2020.3.29f1 (2ff179115da0)
[Subsystems] Discovering subsystems at path C:/Program Files/Unity/Hub/Editor/2020.3.29f1/Editor/Data/Resources/UnitySubsystems
[Subsystems] Discovering subsystems at path C:/Users/Antoine/InteractionPersonneSysteme/CS213/Assets
GfxDevice: creating device client; threaded=0
Direct3D:
    Version:  Direct3D 11.0 [level 11.1]
    Renderer: NVIDIA GeForce MX150 (ID=0x1d10)
    Vendor:   
    VRAM:     1983 MB
    Driver:   27.21.14.5167
Initialize mono
Mono path[0] = 'C:/Program Files/Unity/Hub/Editor/2020.3.29f1/Editor/Data/Managed'
Mono path[1] = 'C:/Program Files/Unity/Hub/Editor/2020.3.29f1/Editor/Data/MonoBleedingEdge/lib/mono/unityjit'
Mono config path = 'C:/Program Files/Unity/Hub/Editor/2020.3.29f1/Editor/Data/MonoBleedingEdge/etc'
Using monoOptions --debugger-agent=transport=dt_socket,embedding=1,server=y,suspend=n,address=127.0.0.1:56272
Begin MonoManager ReloadAssembly
Registering precompiled unity dll's ...
Register platform support module: C:/Program Files/Unity/Hub/Editor/2020.3.29f1/Editor/Data/PlaybackEngines/WindowsStandaloneSupport/UnityEditor.WindowsStandalone.Extensions.dll
Registered in 0.005917 seconds.
Native extension for WindowsStandalone target not found
Refreshing native plugins compatible for Editor in 37.97 ms, found 2 plugins.
Preloading 0 native plugins for Editor in 0.00 ms.
Mono: successfully reloaded assembly
- Completed reload, in  0.899 seconds
Domain Reload Profiling:
	ReloadAssembly (899ms)
		BeginReloadAssembly (186ms)
			ExecutionOrderSort (0ms)
			DisableScriptedObjects (0ms)
			BackupInstance (0ms)
			ReleaseScriptingObjects (0ms)
			CreateAndSetChildDomain (3ms)
		EndReloadAssembly (576ms)
			LoadAssemblies (180ms)
			RebuildTransferFunctionScriptingTraits (1ms)
			SetupTypeCache (196ms)
			ReleaseScriptCaches (0ms)
			RebuildScriptCaches (35ms)
			SetupLoadedEditorAssemblies (204ms)
				LogAssemblyErrors (0ms)
				InitializePlatformSupportModulesInManaged (9ms)
				SetLoadedEditorAssemblies (0ms)
				RefreshPlugins (38ms)
				BeforeProcessingInitializeOnLoad (22ms)
				ProcessInitializeOnLoadAttributes (99ms)
				ProcessInitializeOnLoadMethodAttributes (35ms)
				AfterProcessingInitializeOnLoad (0ms)
				EditorAssembliesLoaded (0ms)
			ExecutionOrderSort2 (0ms)
			AwakeInstancesAfterBackupRestoration (0ms)
Platform modules already initialized, skipping
Registering precompiled user dll's ...
Registered in 0.014539 seconds.
Begin MonoManager ReloadAssembly
Native extension for WindowsStandalone target not found
Refreshing native plugins compatible for Editor in 0.54 ms, found 2 plugins.
Preloading 0 native plugins for Editor in 0.00 ms.
Mono: successfully reloaded assembly
- Completed reload, in  1.278 seconds
Domain Reload Profiling:
	ReloadAssembly (1280ms)
		BeginReloadAssembly (193ms)
			ExecutionOrderSort (0ms)
			DisableScriptedObjects (5ms)
			BackupInstance (0ms)
			ReleaseScriptingObjects (0ms)
			CreateAndSetChildDomain (25ms)
		EndReloadAssembly (1014ms)
			LoadAssemblies (167ms)
			RebuildTransferFunctionScriptingTraits (0ms)
			SetupTypeCache (368ms)
			ReleaseScriptCaches (0ms)
			RebuildScriptCaches (47ms)
			SetupLoadedEditorAssemblies (358ms)
				LogAssemblyErrors (0ms)
				InitializePlatformSupportModulesInManaged (5ms)
				SetLoadedEditorAssemblies (1ms)
				RefreshPlugins (1ms)
				BeforeProcessingInitializeOnLoad (90ms)
				ProcessInitializeOnLoadAttributes (236ms)
				ProcessInitializeOnLoadMethodAttributes (15ms)
				AfterProcessingInitializeOnLoad (11ms)
				EditorAssembliesLoaded (0ms)
			ExecutionOrderSort2 (0ms)
			AwakeInstancesAfterBackupRestoration (7ms)
Platform modules already initialized, skipping
========================================================================
Worker process is ready to serve import requests
Launched and connected shader compiler UnityShaderCompiler.exe after 0.13 seconds
Refreshing native plugins compatible for Editor in 0.47 ms, found 2 plugins.
Preloading 0 native plugins for Editor in 0.00 ms.
Unloading 1555 Unused Serialized files (Serialized files now loaded: 0)
System memory in use before: 72.8 MB.
System memory in use after: 72.9 MB.

Unloading 16 unused Assets to reduce memory usage. Loaded Objects now: 1991.
Total: 8.726400 ms (FindLiveObjects: 0.284700 ms CreateObjectMapping: 0.125300 ms MarkObjects: 7.689300 ms  DeleteObjects: 0.624700 ms)

AssetImportParameters requested are different than current active one (requested -> active):
  custom:framework-win-MediaFoundation: 216162199b28c13a410421893ffa2e32 -> 
  custom:video-decoder-ogg-theora: a1e56fd34408186e4bbccfd4996cb3dc -> 
  custom:container-muxer-webm: aa71ff27fc2769a1b78a27578f13a17b -> 
  custom:container-demuxer-webm: 4f35f7cbe854078d1ac9338744f61a02 -> 
  custom:container-demuxer-ogg: 62fdf1f143b41e24485cea50d1cbac27 -> 
  custom:video-encoder-webm-vp8: eb34c28f22e8b96e1ab97ce403110664 -> 
  custom:video-decoder-webm-vp8: 9c59270c3fd7afecdb556c50c9e8de78 -> 
  custom:audio-decoder-ogg-vorbis: bf7c407c2cedff20999df2af8eb42d56 -> 
  custom:audio-encoder-webm-vorbis: bf7c407c2cedff20999df2af8eb42d56 -> 
========================================================================
Received Import Request.
  path: Assets/Prefabs/Cellulo/CelluloAgent.prefab
  artifactKey: Guid(d44936f6062330e28ab4d37456de1881) Importer(815301076,1909f56bfc062723c751e8b465ee728b)
Start importing Assets/Prefabs/Cellulo/CelluloAgent.prefab using Guid(d44936f6062330e28ab4d37456de1881) Importer(815301076,1909f56bfc062723c751e8b465ee728b)  -> (artifact id: 'c555553cacbc5bde6108f5d6676fcd60') in 0.453124 seconds 
  Import took 0.459104 seconds .

========================================================================
Received Import Request.
  Time since last request: 0.000497 seconds.
  path: Assets/Prefabs/Cellulo/CellulosCanvas.prefab
  artifactKey: Guid(c72cd88edf0837147b80259c9ee0a928) Importer(815301076,1909f56bfc062723c751e8b465ee728b)
Start importing Assets/Prefabs/Cellulo/CellulosCanvas.prefab using Guid(c72cd88edf0837147b80259c9ee0a928) Importer(815301076,1909f56bfc062723c751e8b465ee728b)  -> (artifact id: '3d71a2ff5a6890131e5128d054184b45') in 0.104766 seconds 
  Import took 0.114177 seconds .

========================================================================
Received Import Request.
  Time since last request: 0.000968 seconds.
  path: Assets/Prefabs/Cellulo/ScanCanvas.prefab
  artifactKey: Guid(0fef458cf4a503e4b96ac9f9dccf4db5) Importer(815301076,1909f56bfc062723c751e8b465ee728b)
Start importing Assets/Prefabs/Cellulo/ScanCanvas.prefab using Guid(0fef458cf4a503e4b96ac9f9dccf4db5) Importer(815301076,1909f56bfc062723c751e8b465ee728b)  -> (artifact id: '563d8f3c312d175839bb8297e3a6b56d') in 0.100061 seconds 
  Import took 0.133225 seconds .

========================================================================
Received Import Request.
  Time since last request: 0.000544 seconds.
  path: Assets/Prefabs/Cellulo/ScannerListElementPanel.prefab
  artifactKey: Guid(e4a61ffe538b3d548a312b072b6c690e) Importer(815301076,1909f56bfc062723c751e8b465ee728b)
Start importing Assets/Prefabs/Cellulo/ScannerListElementPanel.prefab using Guid(e4a61ffe538b3d548a312b072b6c690e) Importer(815301076,1909f56bfc062723c751e8b465ee728b)  -> (artifact id: '66fc02104a5d3dbd0707767e78905100') in 0.042260 seconds 
  Import took 0.062408 seconds .

========================================================================
Received Import Request.
  Time since last request: 0.000375 seconds.
  path: Assets/Prefabs/Cellulo/CelluloListElementPanel.prefab
  artifactKey: Guid(3e0869779ef2ec2c68e0f673cb1fa9de) Importer(815301076,1909f56bfc062723c751e8b465ee728b)
Start importing Assets/Prefabs/Cellulo/CelluloListElementPanel.prefab using Guid(3e0869779ef2ec2c68e0f673cb1fa9de) Importer(815301076,1909f56bfc062723c751e8b465ee728b)  -> (artifact id: '1a331f5993130ed32964d2317d0c0508') in 0.027710 seconds 
  Import took 0.032535 seconds .

========================================================================
Received Import Request.
  Time since last request: 69.299461 seconds.
  path: Assets/Prefabs/Foliage/Tree Point Down.prefab
  artifactKey: Guid(dbe836a054f552f40920e331a2a2b469) Importer(815301076,1909f56bfc062723c751e8b465ee728b)
Start importing Assets/Prefabs/Foliage/Tree Point Down.prefab using Guid(dbe836a054f552f40920e331a2a2b469) Importer(815301076,1909f56bfc062723c751e8b465ee728b)  -> (artifact id: '33f3e9f6964c6d2b325770f77859756e') in 0.047906 seconds 
  Import took 0.054810 seconds .

========================================================================
Received Import Request.
  Time since last request: 0.000391 seconds.
  path: Assets/Prefabs/Foliage/Tree Point Up.prefab
  artifactKey: Guid(16b741745510a3f4c94d008b08f3b551) Importer(815301076,1909f56bfc062723c751e8b465ee728b)
Start importing Assets/Prefabs/Foliage/Tree Point Up.prefab using Guid(16b741745510a3f4c94d008b08f3b551) Importer(815301076,1909f56bfc062723c751e8b465ee728b)  -> (artifact id: 'd7102a3e90efb56d26c0be2dcef9e774') in 0.041985 seconds 
  Import took 0.046284 seconds .

========================================================================
Received Import Request.
  Time since last request: 0.000411 seconds.
  path: Assets/Prefabs/Foliage/Tree Sphere.prefab
  artifactKey: Guid(2cc1a8e1096b2874d8412b9f3378b1e4) Importer(815301076,1909f56bfc062723c751e8b465ee728b)
Start importing Assets/Prefabs/Foliage/Tree Sphere.prefab using Guid(2cc1a8e1096b2874d8412b9f3378b1e4) Importer(815301076,1909f56bfc062723c751e8b465ee728b)  -> (artifact id: '2531550c010bf25e74a0b70ef5ec4b8b') in 0.043400 seconds 
  Import took 0.047668 seconds .

AssetImportWorkerClient::OnTransportError - code=2 error=End of file
