Using pre-set license
Built from '2020.3/staging' branch; Version is '2020.3.29f1 (2ff179115da0) revision 3142009'; Using compiler version '192528614'; Build Type 'Release'
OS: 'Windows 10  (10.0.19043) 64bit Core' Language: 'fr' Physical Memory: 8052 MB
BatchMode: 1, IsHumanControllingUs: 0, StartBugReporterOnCrash: 0, Is64bit: 1, IsPro: 0

COMMAND LINE ARGUMENTS:
C:\Program Files\Unity\Hub\Editor\2020.3.29f1\Editor\Unity.exe
-adb2
-batchMode
-noUpm
-name
AssetImportWorker0
-projectPath
C:/Users/Antoine/CS213/CS213
-logFile
Logs/AssetImportWorker0.log
-srvPort
1134
Successfully changed project path to: C:/Users/Antoine/CS213/CS213
C:/Users/Antoine/CS213/CS213
Using Asset Import Pipeline V2.
Refreshing native plugins compatible for Editor in 183.61 ms, found 2 plugins.
Preloading 0 native plugins for Editor in 0.00 ms.
Initialize engine version: 2020.3.29f1 (2ff179115da0)
[Subsystems] Discovering subsystems at path C:/Program Files/Unity/Hub/Editor/2020.3.29f1/Editor/Data/Resources/UnitySubsystems
[Subsystems] Discovering subsystems at path C:/Users/Antoine/CS213/CS213/Assets
GfxDevice: creating device client; threaded=0
Direct3D:
    Version:  Direct3D 11.0 [level 11.1]
    Renderer: NVIDIA GeForce MX150 (ID=0x1d10)
    Vendor:   
    VRAM:     1983 MB
    Driver:   27.21.14.5167
Initialize mono
Mono path[0] = 'C:/Program Files/Unity/Hub/Editor/2020.3.29f1/Editor/Data/Managed'
Mono path[1] = 'C:/Program Files/Unity/Hub/Editor/2020.3.29f1/Editor/Data/MonoBleedingEdge/lib/mono/unityjit'
Mono config path = 'C:/Program Files/Unity/Hub/Editor/2020.3.29f1/Editor/Data/MonoBleedingEdge/etc'
Using monoOptions --debugger-agent=transport=dt_socket,embedding=1,server=y,suspend=n,address=127.0.0.1:56748
Begin MonoManager ReloadAssembly
Registering precompiled unity dll's ...
Register platform support module: C:/Program Files/Unity/Hub/Editor/2020.3.29f1/Editor/Data/PlaybackEngines/WindowsStandaloneSupport/UnityEditor.WindowsStandalone.Extensions.dll
Registered in 0.039857 seconds.
Native extension for WindowsStandalone target not found
Refreshing native plugins compatible for Editor in 96.79 ms, found 2 plugins.
Preloading 0 native plugins for Editor in 0.00 ms.
Mono: successfully reloaded assembly
- Completed reload, in  2.673 seconds
Domain Reload Profiling:
	ReloadAssembly (2674ms)
		BeginReloadAssembly (184ms)
			ExecutionOrderSort (0ms)
			DisableScriptedObjects (0ms)
			BackupInstance (0ms)
			ReleaseScriptingObjects (0ms)
			CreateAndSetChildDomain (1ms)
		EndReloadAssembly (2132ms)
			LoadAssemblies (180ms)
			RebuildTransferFunctionScriptingTraits (0ms)
			SetupTypeCache (1296ms)
			ReleaseScriptCaches (0ms)
			RebuildScriptCaches (82ms)
			SetupLoadedEditorAssemblies (444ms)
				LogAssemblyErrors (0ms)
				InitializePlatformSupportModulesInManaged (13ms)
				SetLoadedEditorAssemblies (1ms)
				RefreshPlugins (97ms)
				BeforeProcessingInitializeOnLoad (36ms)
				ProcessInitializeOnLoadAttributes (205ms)
				ProcessInitializeOnLoadMethodAttributes (91ms)
				AfterProcessingInitializeOnLoad (0ms)
				EditorAssembliesLoaded (1ms)
			ExecutionOrderSort2 (0ms)
			AwakeInstancesAfterBackupRestoration (0ms)
Platform modules already initialized, skipping
Registering precompiled user dll's ...
Registered in 0.011579 seconds.
Begin MonoManager ReloadAssembly
Native extension for WindowsStandalone target not found
Refreshing native plugins compatible for Editor in 0.47 ms, found 2 plugins.
Preloading 0 native plugins for Editor in 0.00 ms.
Mono: successfully reloaded assembly
- Completed reload, in  1.859 seconds
Domain Reload Profiling:
	ReloadAssembly (1862ms)
		BeginReloadAssembly (546ms)
			ExecutionOrderSort (0ms)
			DisableScriptedObjects (11ms)
			BackupInstance (0ms)
			ReleaseScriptingObjects (0ms)
			CreateAndSetChildDomain (33ms)
		EndReloadAssembly (1212ms)
			LoadAssemblies (418ms)
			RebuildTransferFunctionScriptingTraits (0ms)
			SetupTypeCache (438ms)
			ReleaseScriptCaches (1ms)
			RebuildScriptCaches (57ms)
			SetupLoadedEditorAssemblies (445ms)
				LogAssemblyErrors (0ms)
				InitializePlatformSupportModulesInManaged (6ms)
				SetLoadedEditorAssemblies (1ms)
				RefreshPlugins (1ms)
				BeforeProcessingInitializeOnLoad (132ms)
				ProcessInitializeOnLoadAttributes (279ms)
				ProcessInitializeOnLoadMethodAttributes (13ms)
				AfterProcessingInitializeOnLoad (13ms)
				EditorAssembliesLoaded (0ms)
			ExecutionOrderSort2 (0ms)
			AwakeInstancesAfterBackupRestoration (8ms)
Platform modules already initialized, skipping
========================================================================
Worker process is ready to serve import requests
Launched and connected shader compiler UnityShaderCompiler.exe after 0.18 seconds
Refreshing native plugins compatible for Editor in 8.45 ms, found 2 plugins.
Preloading 0 native plugins for Editor in 0.00 ms.
Unloading 1556 Unused Serialized files (Serialized files now loaded: 0)
System memory in use before: 73.1 MB.
System memory in use after: 73.2 MB.

Unloading 16 unused Assets to reduce memory usage. Loaded Objects now: 1992.
Total: 32.140500 ms (FindLiveObjects: 24.729400 ms CreateObjectMapping: 0.294500 ms MarkObjects: 6.948300 ms  DeleteObjects: 0.166000 ms)

AssetImportParameters requested are different than current active one (requested -> active):
  custom:framework-win-MediaFoundation: 216162199b28c13a410421893ffa2e32 -> 
  custom:video-decoder-ogg-theora: a1e56fd34408186e4bbccfd4996cb3dc -> 
  custom:container-muxer-webm: aa71ff27fc2769a1b78a27578f13a17b -> 
  custom:container-demuxer-webm: 4f35f7cbe854078d1ac9338744f61a02 -> 
  custom:container-demuxer-ogg: 62fdf1f143b41e24485cea50d1cbac27 -> 
  custom:video-encoder-webm-vp8: eb34c28f22e8b96e1ab97ce403110664 -> 
  custom:video-decoder-webm-vp8: 9c59270c3fd7afecdb556c50c9e8de78 -> 
  custom:audio-decoder-ogg-vorbis: bf7c407c2cedff20999df2af8eb42d56 -> 
  custom:audio-encoder-webm-vorbis: bf7c407c2cedff20999df2af8eb42d56 -> 
========================================================================
Received Import Request.
  path: Assets/Scripts/Core/Cellulo/CelluloConnection.cs
  artifactKey: Guid(51ecf60bbf885542eb829b619fa9d2e1) Importer(815301076,1909f56bfc062723c751e8b465ee728b)
Start importing Assets/Scripts/Core/Cellulo/CelluloConnection.cs using Guid(51ecf60bbf885542eb829b619fa9d2e1) Importer(815301076,1909f56bfc062723c751e8b465ee728b)  -> (artifact id: '04fec14e0d6819af7c7c03b54e1c1559') in 0.152690 seconds 
  Import took 0.162461 seconds .

========================================================================
Received Import Request.
  Time since last request: 8.982239 seconds.
  path: Assets/Scripts/Core/Agents/CelluloAgentRigidBody.cs
  artifactKey: Guid(b22fc8145a85444459acb654a0e35eb7) Importer(815301076,1909f56bfc062723c751e8b465ee728b)
Start importing Assets/Scripts/Core/Agents/CelluloAgentRigidBody.cs using Guid(b22fc8145a85444459acb654a0e35eb7) Importer(815301076,1909f56bfc062723c751e8b465ee728b)  -> (artifact id: '669cf3c8b3228d7c9a7a2f22e3807458') in 0.010572 seconds 
  Import took 0.014241 seconds .

========================================================================
Received Import Request.
  Time since last request: 9.308616 seconds.
  path: Assets/Scripts/Core/Agents/SteeringAgent.cs
  artifactKey: Guid(9023df9c7e05e3d4f9cf1f83790a0962) Importer(815301076,1909f56bfc062723c751e8b465ee728b)
Start importing Assets/Scripts/Core/Agents/SteeringAgent.cs using Guid(9023df9c7e05e3d4f9cf1f83790a0962) Importer(815301076,1909f56bfc062723c751e8b465ee728b)  -> (artifact id: '84f6d5c6faed43db6069e26684ea64b3') in 0.008310 seconds 
  Import took 0.011903 seconds .

========================================================================
Received Import Request.
  Time since last request: 3.638115 seconds.
  path: Assets/Scripts/Core/Agents/CelluloAgent.cs
  artifactKey: Guid(7c78118fb64ed8043b4b82defba7b009) Importer(815301076,1909f56bfc062723c751e8b465ee728b)
Start importing Assets/Scripts/Core/Agents/CelluloAgent.cs using Guid(7c78118fb64ed8043b4b82defba7b009) Importer(815301076,1909f56bfc062723c751e8b465ee728b)  -> (artifact id: '29ad667bbe2dcf58320ae577b5c1eada') in 0.010927 seconds 
  Import took 0.014128 seconds .

========================================================================
Received Prepare
Registering precompiled user dll's ...
Registered in 0.007777 seconds.
Begin MonoManager ReloadAssembly
Native extension for WindowsStandalone target not found
Refreshing native plugins compatible for Editor in 0.50 ms, found 2 plugins.
Preloading 0 native plugins for Editor in 0.00 ms.
Mono: successfully reloaded assembly
- Completed reload, in  1.268 seconds
Domain Reload Profiling:
	ReloadAssembly (1269ms)
		BeginReloadAssembly (174ms)
			ExecutionOrderSort (0ms)
			DisableScriptedObjects (6ms)
			BackupInstance (0ms)
			ReleaseScriptingObjects (0ms)
			CreateAndSetChildDomain (48ms)
		EndReloadAssembly (1005ms)
			LoadAssemblies (144ms)
			RebuildTransferFunctionScriptingTraits (0ms)
			SetupTypeCache (351ms)
			ReleaseScriptCaches (1ms)
			RebuildScriptCaches (50ms)
			SetupLoadedEditorAssemblies (363ms)
				LogAssemblyErrors (0ms)
				InitializePlatformSupportModulesInManaged (6ms)
				SetLoadedEditorAssemblies (1ms)
				RefreshPlugins (1ms)
				BeforeProcessingInitializeOnLoad (99ms)
				ProcessInitializeOnLoadAttributes (230ms)
				ProcessInitializeOnLoadMethodAttributes (12ms)
				AfterProcessingInitializeOnLoad (15ms)
				EditorAssembliesLoaded (0ms)
			ExecutionOrderSort2 (0ms)
			AwakeInstancesAfterBackupRestoration (10ms)
Platform modules already initialized, skipping
Refreshing native plugins compatible for Editor in 0.50 ms, found 2 plugins.
Preloading 0 native plugins for Editor in 0.00 ms.
Unloading 1530 Unused Serialized files (Serialized files now loaded: 0)
System memory in use before: 70.9 MB.
System memory in use after: 71.0 MB.

Unloading 11 unused Assets to reduce memory usage. Loaded Objects now: 1994.
Total: 3.304700 ms (FindLiveObjects: 0.236200 ms CreateObjectMapping: 0.087500 ms MarkObjects: 2.934900 ms  DeleteObjects: 0.044700 ms)

AssetImportParameters requested are different than current active one (requested -> active):
  custom:framework-win-MediaFoundation: 216162199b28c13a410421893ffa2e32 -> 
  custom:video-decoder-ogg-theora: a1e56fd34408186e4bbccfd4996cb3dc -> 
  custom:container-muxer-webm: aa71ff27fc2769a1b78a27578f13a17b -> 
  custom:container-demuxer-webm: 4f35f7cbe854078d1ac9338744f61a02 -> 
  custom:container-demuxer-ogg: 62fdf1f143b41e24485cea50d1cbac27 -> 
  custom:video-encoder-webm-vp8: eb34c28f22e8b96e1ab97ce403110664 -> 
  custom:video-decoder-webm-vp8: 9c59270c3fd7afecdb556c50c9e8de78 -> 
  custom:audio-decoder-ogg-vorbis: bf7c407c2cedff20999df2af8eb42d56 -> 
  custom:audio-encoder-webm-vorbis: bf7c407c2cedff20999df2af8eb42d56 -> 
========================================================================
Received Import Request.
  Time since last request: 151.750794 seconds.
  path: Assets/Scenes/MyFirstScene.unity
  artifactKey: Guid(18acf00bbb2d8b431a93bdbdb829c692) Importer(815301076,1909f56bfc062723c751e8b465ee728b)
Start importing Assets/Scenes/MyFirstScene.unity using Guid(18acf00bbb2d8b431a93bdbdb829c692) Importer(815301076,1909f56bfc062723c751e8b465ee728b)  -> (artifact id: 'ed7e3743736b3f1580c985f3e248332e') in 0.026344 seconds 
  Import took 0.029972 seconds .

========================================================================
Received Import Request.
  Time since last request: 33.242317 seconds.
  path: Assets/Scenes/MainScene.unity
  artifactKey: Guid(57838f135a29bba47a36ff426c107f92) Importer(815301076,1909f56bfc062723c751e8b465ee728b)
Start importing Assets/Scenes/MainScene.unity using Guid(57838f135a29bba47a36ff426c107f92) Importer(815301076,1909f56bfc062723c751e8b465ee728b)  -> (artifact id: 'efe5f2203c6d0a979f6277f1f5eecf78') in 0.014547 seconds 
  Import took 0.019709 seconds .

========================================================================
Received Import Request.
  Time since last request: 3.908374 seconds.
  path: Assets/Scenes/ControlPanel.unity
  artifactKey: Guid(06bcfa7b5121357f397561590bf22ca1) Importer(815301076,1909f56bfc062723c751e8b465ee728b)
Start importing Assets/Scenes/ControlPanel.unity using Guid(06bcfa7b5121357f397561590bf22ca1) Importer(815301076,1909f56bfc062723c751e8b465ee728b)  -> (artifact id: '97ba1d7c01a8735f726dac9249821651') in 0.010400 seconds 
  Import took 0.014105 seconds .

========================================================================
Received Prepare
Registering precompiled user dll's ...
Registered in 0.005305 seconds.
Begin MonoManager ReloadAssembly
Native extension for WindowsStandalone target not found
Refreshing native plugins compatible for Editor in 0.51 ms, found 2 plugins.
Preloading 0 native plugins for Editor in 0.00 ms.
Mono: successfully reloaded assembly
- Completed reload, in  1.260 seconds
Domain Reload Profiling:
	ReloadAssembly (1261ms)
		BeginReloadAssembly (179ms)
			ExecutionOrderSort (0ms)
			DisableScriptedObjects (8ms)
			BackupInstance (0ms)
			ReleaseScriptingObjects (0ms)
			CreateAndSetChildDomain (45ms)
		EndReloadAssembly (994ms)
			LoadAssemblies (154ms)
			RebuildTransferFunctionScriptingTraits (0ms)
			SetupTypeCache (356ms)
			ReleaseScriptCaches (1ms)
			RebuildScriptCaches (47ms)
			SetupLoadedEditorAssemblies (349ms)
				LogAssemblyErrors (0ms)
				InitializePlatformSupportModulesInManaged (6ms)
				SetLoadedEditorAssemblies (1ms)
				RefreshPlugins (1ms)
				BeforeProcessingInitializeOnLoad (99ms)
				ProcessInitializeOnLoadAttributes (221ms)
				ProcessInitializeOnLoadMethodAttributes (11ms)
				AfterProcessingInitializeOnLoad (11ms)
				EditorAssembliesLoaded (0ms)
			ExecutionOrderSort2 (0ms)
			AwakeInstancesAfterBackupRestoration (8ms)
Platform modules already initialized, skipping
Refreshing native plugins compatible for Editor in 0.43 ms, found 2 plugins.
Preloading 0 native plugins for Editor in 0.00 ms.
Unloading 1530 Unused Serialized files (Serialized files now loaded: 0)
System memory in use before: 71.0 MB.
System memory in use after: 71.1 MB.

Unloading 11 unused Assets to reduce memory usage. Loaded Objects now: 1996.
Total: 3.326900 ms (FindLiveObjects: 0.222100 ms CreateObjectMapping: 0.079500 ms MarkObjects: 2.996100 ms  DeleteObjects: 0.027800 ms)

AssetImportParameters requested are different than current active one (requested -> active):
  custom:framework-win-MediaFoundation: 216162199b28c13a410421893ffa2e32 -> 
  custom:video-decoder-ogg-theora: a1e56fd34408186e4bbccfd4996cb3dc -> 
  custom:container-muxer-webm: aa71ff27fc2769a1b78a27578f13a17b -> 
  custom:container-demuxer-webm: 4f35f7cbe854078d1ac9338744f61a02 -> 
  custom:container-demuxer-ogg: 62fdf1f143b41e24485cea50d1cbac27 -> 
  custom:video-encoder-webm-vp8: eb34c28f22e8b96e1ab97ce403110664 -> 
  custom:video-decoder-webm-vp8: 9c59270c3fd7afecdb556c50c9e8de78 -> 
  custom:audio-decoder-ogg-vorbis: bf7c407c2cedff20999df2af8eb42d56 -> 
  custom:audio-encoder-webm-vorbis: bf7c407c2cedff20999df2af8eb42d56 -> 
========================================================================
Received Import Request.
  Time since last request: 3656.748208 seconds.
  path: Assets/Art/Modular Pixel Forest/Materials/Props/Boulder.mat
  artifactKey: Guid(ec5c522c89971374d9fade62781b3117) Importer(815301076,1909f56bfc062723c751e8b465ee728b)
Start importing Assets/Art/Modular Pixel Forest/Materials/Props/Boulder.mat using Guid(ec5c522c89971374d9fade62781b3117) Importer(815301076,1909f56bfc062723c751e8b465ee728b)  -> (artifact id: 'cc0229e9981f004f21be0ab52ca666da') in 0.379466 seconds 
  Import took 0.388525 seconds .

========================================================================
Received Import Request.
  Time since last request: 0.000307 seconds.
  path: Assets/Art/Modular Pixel Forest/Materials/Props/Boulder Snow.mat
  artifactKey: Guid(7896ce29a4fe32048a0d3de8aded6e45) Importer(815301076,1909f56bfc062723c751e8b465ee728b)
Start importing Assets/Art/Modular Pixel Forest/Materials/Props/Boulder Snow.mat using Guid(7896ce29a4fe32048a0d3de8aded6e45) Importer(815301076,1909f56bfc062723c751e8b465ee728b)  -> (artifact id: '35e411c26ae9153dcee24fd162cb5835') in 0.041756 seconds 
  Import took 0.047138 seconds .

========================================================================
Received Import Request.
  Time since last request: 0.000375 seconds.
  path: Assets/Art/Modular Pixel Forest/Materials/Terrain/Dirt Block.mat
  artifactKey: Guid(a2fbaf827a7762144a54d7b7b7b8d4f5) Importer(815301076,1909f56bfc062723c751e8b465ee728b)
Start importing Assets/Art/Modular Pixel Forest/Materials/Terrain/Dirt Block.mat using Guid(a2fbaf827a7762144a54d7b7b7b8d4f5) Importer(815301076,1909f56bfc062723c751e8b465ee728b)  -> (artifact id: '37765bbd5616051b45f2cb2310365365') in 0.033103 seconds 
  Import took 0.038172 seconds .

========================================================================
Received Import Request.
  Time since last request: 0.000396 seconds.
  path: Assets/Art/Modular Pixel Forest/Materials/Props/Crate Snow.mat
  artifactKey: Guid(dbf3d8a3a40a1764b83f0b65ce0eded9) Importer(815301076,1909f56bfc062723c751e8b465ee728b)
Start importing Assets/Art/Modular Pixel Forest/Materials/Props/Crate Snow.mat using Guid(dbf3d8a3a40a1764b83f0b65ce0eded9) Importer(815301076,1909f56bfc062723c751e8b465ee728b)  -> (artifact id: '9b28b513a649f97ce43cd4cb8f7b6f16') in 0.033933 seconds 
  Import took 0.038991 seconds .

========================================================================
Received Import Request.
  Time since last request: 0.000314 seconds.
  path: Assets/Art/Particlecollection_Free samples/Material/Cutout_alpha.mat
  artifactKey: Guid(4bfdb2e9a4497ac4f9c528d88c5ef0b6) Importer(815301076,1909f56bfc062723c751e8b465ee728b)
Start importing Assets/Art/Particlecollection_Free samples/Material/Cutout_alpha.mat using Guid(4bfdb2e9a4497ac4f9c528d88c5ef0b6) Importer(815301076,1909f56bfc062723c751e8b465ee728b)  -> (artifact id: '6dad318902b4efde64d8d5e24c921bde') in 0.102523 seconds 
  Import took 0.107323 seconds .

========================================================================
Received Import Request.
  Time since last request: 0.000302 seconds.
  path: Assets/Art/Particlecollection_Free samples/Material/dark_02.mat
  artifactKey: Guid(deff24b2020c3cd4981d5d891e4ce3a7) Importer(815301076,1909f56bfc062723c751e8b465ee728b)
Start importing Assets/Art/Particlecollection_Free samples/Material/dark_02.mat using Guid(deff24b2020c3cd4981d5d891e4ce3a7) Importer(815301076,1909f56bfc062723c751e8b465ee728b)  -> (artifact id: 'b035b7a26206b61164aabcb8644c4215') in 0.052596 seconds 
  Import took 0.056995 seconds .

========================================================================
Received Import Request.
  Time since last request: 0.000332 seconds.
  path: Assets/Art/Modular Pixel Forest/Materials/Terrain/Dirt Block Center.mat
  artifactKey: Guid(34c3d60564122c64d93ff279bb615b13) Importer(815301076,1909f56bfc062723c751e8b465ee728b)
Start importing Assets/Art/Modular Pixel Forest/Materials/Terrain/Dirt Block Center.mat using Guid(34c3d60564122c64d93ff279bb615b13) Importer(815301076,1909f56bfc062723c751e8b465ee728b)  -> (artifact id: 'f1f2b441bb47195d1594fdfe0f534849') in 0.037373 seconds 
  Import took 0.041814 seconds .

========================================================================
Received Import Request.
  Time since last request: 0.000320 seconds.
  path: Assets/Art/Modular Pixel Forest/Materials/Props/Crate.mat
  artifactKey: Guid(ead9dcc13192f0c458a47f7f5be93b61) Importer(815301076,1909f56bfc062723c751e8b465ee728b)
Start importing Assets/Art/Modular Pixel Forest/Materials/Props/Crate.mat using Guid(ead9dcc13192f0c458a47f7f5be93b61) Importer(815301076,1909f56bfc062723c751e8b465ee728b)  -> (artifact id: '4afc94e08c168ceacc815b769c37d63b') in 0.035674 seconds 
  Import took 0.040226 seconds .

========================================================================
Received Import Request.
  Time since last request: 1.306874 seconds.
  path: Assets/Art/Modular Pixel Forest/Materials/Terrain/Dirt Block Snow.mat
  artifactKey: Guid(06ac29b325944d245afefbf10b4bc61b) Importer(815301076,1909f56bfc062723c751e8b465ee728b)
Start importing Assets/Art/Modular Pixel Forest/Materials/Terrain/Dirt Block Snow.mat using Guid(06ac29b325944d245afefbf10b4bc61b) Importer(815301076,1909f56bfc062723c751e8b465ee728b)  -> (artifact id: 'f1fcaffca77f22d0a67e832c25840234') in 0.026490 seconds 
  Import took 0.029363 seconds .

========================================================================
Received Import Request.
  Time since last request: 0.000364 seconds.
  path: Assets/Art/Modular Pixel Forest/Materials/Terrain/Dirt Ramp.mat
  artifactKey: Guid(51e608eb58a23784bb9203e487d4cd0b) Importer(815301076,1909f56bfc062723c751e8b465ee728b)
Start importing Assets/Art/Modular Pixel Forest/Materials/Terrain/Dirt Ramp.mat using Guid(51e608eb58a23784bb9203e487d4cd0b) Importer(815301076,1909f56bfc062723c751e8b465ee728b)  -> (artifact id: 'da03869cf3eb6b537f70f69bcf9b312b') in 0.030231 seconds 
  Import took 0.035154 seconds .

========================================================================
Received Import Request.
  Time since last request: 0.299342 seconds.
  path: Assets/Art/Modular Pixel Forest/Materials/Terrain/Dirt Ramp Snow.mat
  artifactKey: Guid(6d04fdcff54fd374c93aa244f8e21bab) Importer(815301076,1909f56bfc062723c751e8b465ee728b)
Start importing Assets/Art/Modular Pixel Forest/Materials/Terrain/Dirt Ramp Snow.mat using Guid(6d04fdcff54fd374c93aa244f8e21bab) Importer(815301076,1909f56bfc062723c751e8b465ee728b)  -> (artifact id: '98dd25c05f66cb1344629778c7a491fd') in 0.031753 seconds 
  Import took 0.036000 seconds .

========================================================================
Received Import Request.
  Time since last request: 0.000367 seconds.
  path: Assets/Art/Particlecollection_Free samples/Material/effect_distortion_mask.mat
  artifactKey: Guid(e996f264d100b7440a22e2bcc83b4eff) Importer(815301076,1909f56bfc062723c751e8b465ee728b)
Start importing Assets/Art/Particlecollection_Free samples/Material/effect_distortion_mask.mat using Guid(e996f264d100b7440a22e2bcc83b4eff) Importer(815301076,1909f56bfc062723c751e8b465ee728b)  -> (artifact id: 'bc461ffe048288c2b4db4108e8fa6c55') in 0.030552 seconds 
  Import took 0.034998 seconds .

========================================================================
Received Import Request.
  Time since last request: 0.439997 seconds.
  path: Assets/Art/Particlecollection_Free samples/Material/EmissionGain_01.mat
  artifactKey: Guid(b0dd1004df1b23c47907f6e61eec17c7) Importer(815301076,1909f56bfc062723c751e8b465ee728b)
Start importing Assets/Art/Particlecollection_Free samples/Material/EmissionGain_01.mat using Guid(b0dd1004df1b23c47907f6e61eec17c7) Importer(815301076,1909f56bfc062723c751e8b465ee728b)  -> (artifact id: 'dc08b0b08611a1be14bb60d2de880546') in 0.027807 seconds 
  Import took 0.032225 seconds .

========================================================================
Received Import Request.
  Time since last request: 0.000266 seconds.
  path: Assets/Art/Modular Pixel Forest/Materials/Props/Fence Post.mat
  artifactKey: Guid(4c3db3f3fe50e754e8021ea7059d3bd9) Importer(815301076,1909f56bfc062723c751e8b465ee728b)
Start importing Assets/Art/Modular Pixel Forest/Materials/Props/Fence Post.mat using Guid(4c3db3f3fe50e754e8021ea7059d3bd9) Importer(815301076,1909f56bfc062723c751e8b465ee728b)  -> (artifact id: '236cada5f5f31226c6c947a2d1f1db5c') in 0.029897 seconds 
  Import took 0.034747 seconds .

========================================================================
Received Import Request.
  Time since last request: 0.000317 seconds.
  path: Assets/Art/Particlecollection_Free samples/Material/EmissionGain_02.mat
  artifactKey: Guid(d2fe7c303102677438a4897032024d47) Importer(815301076,1909f56bfc062723c751e8b465ee728b)
Start importing Assets/Art/Particlecollection_Free samples/Material/EmissionGain_02.mat using Guid(d2fe7c303102677438a4897032024d47) Importer(815301076,1909f56bfc062723c751e8b465ee728b)  -> (artifact id: '4253d5dc6f43ea9e14b345eaeaae8eda') in 0.069353 seconds 
  Import took 0.073321 seconds .

========================================================================
Received Import Request.
  Time since last request: 0.000330 seconds.
  path: Assets/Art/Modular Pixel Forest/Materials/Props/Fence Rail.mat
  artifactKey: Guid(a06930feeb71fbe489c60367d3859706) Importer(815301076,1909f56bfc062723c751e8b465ee728b)
Start importing Assets/Art/Modular Pixel Forest/Materials/Props/Fence Rail.mat using Guid(a06930feeb71fbe489c60367d3859706) Importer(815301076,1909f56bfc062723c751e8b465ee728b)  -> (artifact id: 'cfc80a3498483f32ee43841ec0d9eacc') in 0.030648 seconds 
  Import took 0.034552 seconds .

========================================================================
Received Import Request.
  Time since last request: 0.000310 seconds.
  path: Assets/Art/Modular Pixel Forest/Materials/Props/Fence Post Snow.mat
  artifactKey: Guid(307e13bfdc8685d40a5f251e46483bf4) Importer(815301076,1909f56bfc062723c751e8b465ee728b)
Start importing Assets/Art/Modular Pixel Forest/Materials/Props/Fence Post Snow.mat using Guid(307e13bfdc8685d40a5f251e46483bf4) Importer(815301076,1909f56bfc062723c751e8b465ee728b)  -> (artifact id: '4a47095e21aad920a876882aeff3a321') in 0.032948 seconds 
  Import took 0.037760 seconds .

========================================================================
Received Import Request.
  Time since last request: 0.000311 seconds.
  path: Assets/Art/Modular Pixel Forest/Materials/Props/Fence Rail Snow.mat
  artifactKey: Guid(88421fa3ae51afc409777b12277bca15) Importer(815301076,1909f56bfc062723c751e8b465ee728b)
Start importing Assets/Art/Modular Pixel Forest/Materials/Props/Fence Rail Snow.mat using Guid(88421fa3ae51afc409777b12277bca15) Importer(815301076,1909f56bfc062723c751e8b465ee728b)  -> (artifact id: '7ee4d2a7f937b8af2b14999942b500e1') in 0.031975 seconds 
  Import took 0.036679 seconds .

========================================================================
Received Import Request.
  Time since last request: 1.807304 seconds.
  path: Assets/TextMesh Pro/Fonts/LiberationSans.ttf
  artifactKey: Guid(e3265ab4bf004d28a9537516768c1c75) Importer(815301076,1909f56bfc062723c751e8b465ee728b)
Start importing Assets/TextMesh Pro/Fonts/LiberationSans.ttf using Guid(e3265ab4bf004d28a9537516768c1c75) Importer(815301076,1909f56bfc062723c751e8b465ee728b)  -> (artifact id: 'bdddd331c3f1b7826858a8d92db67e39') in 0.048082 seconds 
  Import took 0.051871 seconds .

========================================================================
Received Import Request.
  Time since last request: 0.000346 seconds.
  path: Assets/Art/Modular Pixel Forest/Materials/Terrain/Grass Block Green.mat
  artifactKey: Guid(627b02bf528697b4f801e33763e96b5d) Importer(815301076,1909f56bfc062723c751e8b465ee728b)
Start importing Assets/Art/Modular Pixel Forest/Materials/Terrain/Grass Block Green.mat using Guid(627b02bf528697b4f801e33763e96b5d) Importer(815301076,1909f56bfc062723c751e8b465ee728b)  -> (artifact id: '8caf3b2e8b557bd674adbb8bcbac09d3') in 0.030263 seconds 
  Import took 0.034391 seconds .

========================================================================
Received Import Request.
  Time since last request: 0.000750 seconds.
  path: Assets/Art/Modular Pixel Forest/Materials/Terrain/Grass Block Fall.mat
  artifactKey: Guid(7eb062286f4ba00428e254e282ff3361) Importer(815301076,1909f56bfc062723c751e8b465ee728b)
Start importing Assets/Art/Modular Pixel Forest/Materials/Terrain/Grass Block Fall.mat using Guid(7eb062286f4ba00428e254e282ff3361) Importer(815301076,1909f56bfc062723c751e8b465ee728b)  -> (artifact id: 'a15609d16ac6eeded531c7bc16998689') in 0.036357 seconds 
  Import took 0.040267 seconds .

========================================================================
Received Import Request.
  Time since last request: 0.000344 seconds.
  path: Assets/Art/Modular Pixel Forest/Materials/Terrain/Grass Block Snow.mat
  artifactKey: Guid(d3bd69ceb07dbb24ba6c0cfa385c2765) Importer(815301076,1909f56bfc062723c751e8b465ee728b)
Start importing Assets/Art/Modular Pixel Forest/Materials/Terrain/Grass Block Snow.mat using Guid(d3bd69ceb07dbb24ba6c0cfa385c2765) Importer(815301076,1909f56bfc062723c751e8b465ee728b)  -> (artifact id: 'd6002c24593646a4478f173ed64ebd80') in 0.040204 seconds 
  Import took 0.044836 seconds .

========================================================================
Received Import Request.
  Time since last request: 9.121094 seconds.
  path: Assets/Art/Modular Pixel Forest/Materials/Terrain/Grass Hill Corner Inner Fall.mat
  artifactKey: Guid(0c7684924cf1ba741a444c1558bdd569) Importer(815301076,1909f56bfc062723c751e8b465ee728b)
Start importing Assets/Art/Modular Pixel Forest/Materials/Terrain/Grass Hill Corner Inner Fall.mat using Guid(0c7684924cf1ba741a444c1558bdd569) Importer(815301076,1909f56bfc062723c751e8b465ee728b)  -> (artifact id: '433f8f8180b8b2f253ac3eb3684a08b9') in 0.033572 seconds 
  Import took 0.037817 seconds .

========================================================================
Received Import Request.
  Time since last request: 0.000344 seconds.
  path: Assets/Art/Modular Pixel Forest/Materials/Terrain/Grass Hill Corner Outer Fall.mat
  artifactKey: Guid(713ec283026563a4a8347e00ef8e2e39) Importer(815301076,1909f56bfc062723c751e8b465ee728b)
Start importing Assets/Art/Modular Pixel Forest/Materials/Terrain/Grass Hill Corner Outer Fall.mat using Guid(713ec283026563a4a8347e00ef8e2e39) Importer(815301076,1909f56bfc062723c751e8b465ee728b)  -> (artifact id: '073c37c5919baf7187eebdf9e2af2c87') in 0.046716 seconds 
  Import took 0.049899 seconds .

========================================================================
Received Import Request.
  Time since last request: 0.000332 seconds.
  path: Assets/Art/Modular Pixel Forest/Materials/Terrain/Grass Hill Corner Inner Green.mat
  artifactKey: Guid(c2d81e90422889c49a23949a8093d2df) Importer(815301076,1909f56bfc062723c751e8b465ee728b)
Start importing Assets/Art/Modular Pixel Forest/Materials/Terrain/Grass Hill Corner Inner Green.mat using Guid(c2d81e90422889c49a23949a8093d2df) Importer(815301076,1909f56bfc062723c751e8b465ee728b)  -> (artifact id: '94433953e42dac4b8eb50b27350a737c') in 0.030451 seconds 
  Import took 0.034174 seconds .

========================================================================
Received Import Request.
  Time since last request: 0.000351 seconds.
  path: Assets/Art/Modular Pixel Forest/Materials/Terrain/Grass Hill Corner Inner Snow.mat
  artifactKey: Guid(fa52325e34196c246a44f6e553d70c2b) Importer(815301076,1909f56bfc062723c751e8b465ee728b)
Start importing Assets/Art/Modular Pixel Forest/Materials/Terrain/Grass Hill Corner Inner Snow.mat using Guid(fa52325e34196c246a44f6e553d70c2b) Importer(815301076,1909f56bfc062723c751e8b465ee728b)  -> (artifact id: '9aa3adb1afc3c68ee8b84d503325ef03') in 0.031349 seconds 
  Import took 0.036144 seconds .

========================================================================
Received Import Request.
  Time since last request: 0.323339 seconds.
  path: Assets/Art/Modular Pixel Forest/Materials/Terrain/Grass Hill Corner Outer Green.mat
  artifactKey: Guid(7bfe8960d0bfafe49916ed95c9fd6414) Importer(815301076,1909f56bfc062723c751e8b465ee728b)
Start importing Assets/Art/Modular Pixel Forest/Materials/Terrain/Grass Hill Corner Outer Green.mat using Guid(7bfe8960d0bfafe49916ed95c9fd6414) Importer(815301076,1909f56bfc062723c751e8b465ee728b)  -> (artifact id: '933946dbc48a5e973811743573008471') in 0.026325 seconds 
  Import took 0.030003 seconds .

========================================================================
Received Import Request.
  Time since last request: 0.000361 seconds.
  path: Assets/Art/Modular Pixel Forest/Materials/Terrain/Grass Hill Corner Outer Snow.mat
  artifactKey: Guid(ed3ffc14fbfcb9d4c8be2cf0f8056004) Importer(815301076,1909f56bfc062723c751e8b465ee728b)
Start importing Assets/Art/Modular Pixel Forest/Materials/Terrain/Grass Hill Corner Outer Snow.mat using Guid(ed3ffc14fbfcb9d4c8be2cf0f8056004) Importer(815301076,1909f56bfc062723c751e8b465ee728b)  -> (artifact id: '9cd6e59a161324a4588fc70dcaf7b7cf') in 0.030528 seconds 
  Import took 0.034146 seconds .

========================================================================
Received Import Request.
  Time since last request: 0.034047 seconds.
  path: Assets/Art/Modular Pixel Forest/Materials/Terrain/Grass Hill Straight Fall.mat
  artifactKey: Guid(b4a2810885ee05243b47f0f535fb1c90) Importer(815301076,1909f56bfc062723c751e8b465ee728b)
Start importing Assets/Art/Modular Pixel Forest/Materials/Terrain/Grass Hill Straight Fall.mat using Guid(b4a2810885ee05243b47f0f535fb1c90) Importer(815301076,1909f56bfc062723c751e8b465ee728b)  -> (artifact id: 'e270fd0c09f1316c22a181099b3d17e9') in 0.036048 seconds 
  Import took 0.039984 seconds .

========================================================================
Received Import Request.
  Time since last request: 0.000391 seconds.
  path: Assets/Art/Modular Pixel Forest/Materials/Terrain/Grass Hill Straight Green.mat
  artifactKey: Guid(a909cd1624922014dbd6f9b6a61e6e3d) Importer(815301076,1909f56bfc062723c751e8b465ee728b)
Start importing Assets/Art/Modular Pixel Forest/Materials/Terrain/Grass Hill Straight Green.mat using Guid(a909cd1624922014dbd6f9b6a61e6e3d) Importer(815301076,1909f56bfc062723c751e8b465ee728b)  -> (artifact id: 'dc88fb27a77cbf95aa6ea24d5ae3c655') in 0.033329 seconds 
  Import took 0.038448 seconds .

========================================================================
Received Import Request.
  Time since last request: 0.429456 seconds.
  path: Assets/Art/Modular Pixel Forest/Materials/Terrain/Grass Hill Straight Snow.mat
  artifactKey: Guid(75de03502bb13634f8fb57a5c1e15086) Importer(815301076,1909f56bfc062723c751e8b465ee728b)
Start importing Assets/Art/Modular Pixel Forest/Materials/Terrain/Grass Hill Straight Snow.mat using Guid(75de03502bb13634f8fb57a5c1e15086) Importer(815301076,1909f56bfc062723c751e8b465ee728b)  -> (artifact id: '3c2699ee61f08ee5f90f80f7b052c58b') in 0.028686 seconds 
  Import took 0.032478 seconds .

========================================================================
Received Import Request.
  Time since last request: 0.000363 seconds.
  path: Assets/Art/Particlecollection_Free samples/Material/ground.mat
  artifactKey: Guid(55549c75a53c5764e9b4f00d0fcac65e) Importer(815301076,1909f56bfc062723c751e8b465ee728b)
Start importing Assets/Art/Particlecollection_Free samples/Material/ground.mat using Guid(55549c75a53c5764e9b4f00d0fcac65e) Importer(815301076,1909f56bfc062723c751e8b465ee728b)  -> (artifact id: 'e68c800c8e5356ad4e090c9403b070d6') in 0.319530 seconds 
  Import took 0.324811 seconds .

========================================================================
Received Import Request.
  Time since last request: 0.000424 seconds.
  path: Assets/Art/Particlecollection_Free samples/Material/hit_01.mat
  artifactKey: Guid(6b6706a9ab303c842b9c994c1e0baaa4) Importer(815301076,1909f56bfc062723c751e8b465ee728b)
Start importing Assets/Art/Particlecollection_Free samples/Material/hit_01.mat using Guid(6b6706a9ab303c842b9c994c1e0baaa4) Importer(815301076,1909f56bfc062723c751e8b465ee728b)  -> (artifact id: '043634c54bb9f33926dec5d29fac8420') in 0.045679 seconds 
  Import took 0.049127 seconds .

========================================================================
Received Import Request.
  Time since last request: 0.000367 seconds.
  path: Assets/Art/Modular Pixel Forest/Materials/Foliage/Leaves Point Down Red.mat
  artifactKey: Guid(daf70e5a54725e84ea7bd763e9ddc779) Importer(815301076,1909f56bfc062723c751e8b465ee728b)
Start importing Assets/Art/Modular Pixel Forest/Materials/Foliage/Leaves Point Down Red.mat using Guid(daf70e5a54725e84ea7bd763e9ddc779) Importer(815301076,1909f56bfc062723c751e8b465ee728b)  -> (artifact id: '35986546b2fbb74219de8ef37b862d92') in 0.032294 seconds 
  Import took 0.036047 seconds .

========================================================================
Received Import Request.
  Time since last request: 0.000589 seconds.
  path: Assets/Art/Modular Pixel Forest/Materials/Foliage/Leaves Point Down Pink.mat
  artifactKey: Guid(d07f6a337ec4da848acc44561bb4ab52) Importer(815301076,1909f56bfc062723c751e8b465ee728b)
Start importing Assets/Art/Modular Pixel Forest/Materials/Foliage/Leaves Point Down Pink.mat using Guid(d07f6a337ec4da848acc44561bb4ab52) Importer(815301076,1909f56bfc062723c751e8b465ee728b)  -> (artifact id: '4074429566d50528f004dc44df82d7f0') in 0.033970 seconds 
  Import took 0.038564 seconds .

========================================================================
Received Import Request.
  Time since last request: 0.000477 seconds.
  path: Assets/Art/Modular Pixel Forest/Materials/Foliage/Leaves Point Down Green.mat
  artifactKey: Guid(f79177218f59a2c488f0e57d2b1b283a) Importer(815301076,1909f56bfc062723c751e8b465ee728b)
Start importing Assets/Art/Modular Pixel Forest/Materials/Foliage/Leaves Point Down Green.mat using Guid(f79177218f59a2c488f0e57d2b1b283a) Importer(815301076,1909f56bfc062723c751e8b465ee728b)  -> (artifact id: 'd167fc974ebb305cfc2da71b5ef058e2') in 0.032435 seconds 
  Import took 0.036817 seconds .

========================================================================
Received Import Request.
  Time since last request: 0.000267 seconds.
  path: Assets/Art/Particlecollection_Free samples/Material/hit_02.mat
  artifactKey: Guid(53a1831dc0bd279498de291748ee856f) Importer(815301076,1909f56bfc062723c751e8b465ee728b)
Start importing Assets/Art/Particlecollection_Free samples/Material/hit_02.mat using Guid(53a1831dc0bd279498de291748ee856f) Importer(815301076,1909f56bfc062723c751e8b465ee728b)  -> (artifact id: '3daa1c22137e453c3741f357f2ada21c') in 0.032538 seconds 
  Import took 0.036611 seconds .

========================================================================
Received Import Request.
  Time since last request: 0.000322 seconds.
  path: Assets/Art/Modular Pixel Forest/Materials/Foliage/Leaves Point Down Gold.mat
  artifactKey: Guid(fa84ba1d3d2e89e43809287f02ee538b) Importer(815301076,1909f56bfc062723c751e8b465ee728b)
Start importing Assets/Art/Modular Pixel Forest/Materials/Foliage/Leaves Point Down Gold.mat using Guid(fa84ba1d3d2e89e43809287f02ee538b) Importer(815301076,1909f56bfc062723c751e8b465ee728b)  -> (artifact id: 'fd54e416f69cfdf88c9f1c6a2da139a3') in 0.033838 seconds 
  Import took 0.038112 seconds .

========================================================================
Received Import Request.
  Time since last request: 2.461070 seconds.
  path: Assets/Art/Modular Pixel Forest/Materials/Foliage/Leaves Point Down Snow.mat
  artifactKey: Guid(1ae06e37c3a32ff49af4cf8f839846d5) Importer(815301076,1909f56bfc062723c751e8b465ee728b)
Start importing Assets/Art/Modular Pixel Forest/Materials/Foliage/Leaves Point Down Snow.mat using Guid(1ae06e37c3a32ff49af4cf8f839846d5) Importer(815301076,1909f56bfc062723c751e8b465ee728b)  -> (artifact id: 'da9c44ff8f56db3f2a5079da40d2b782') in 0.030464 seconds 
  Import took 0.034890 seconds .

========================================================================
Received Import Request.
  Time since last request: 0.000317 seconds.
  path: Assets/Art/Modular Pixel Forest/Materials/Foliage/Leaves Point Up Gold.mat
  artifactKey: Guid(eeaa9aa506daca442870f12055f3103e) Importer(815301076,1909f56bfc062723c751e8b465ee728b)
Start importing Assets/Art/Modular Pixel Forest/Materials/Foliage/Leaves Point Up Gold.mat using Guid(eeaa9aa506daca442870f12055f3103e) Importer(815301076,1909f56bfc062723c751e8b465ee728b)  -> (artifact id: '516b0111fd38916575fa0938a7db3c84') in 0.045939 seconds 
  Import took 0.049932 seconds .

========================================================================
Received Import Request.
  Time since last request: 0.000389 seconds.
  path: Assets/Art/Modular Pixel Forest/Materials/Foliage/Leaves Point Up Green.mat
  artifactKey: Guid(00b091be6b2e5c646acfb4402f45fd5f) Importer(815301076,1909f56bfc062723c751e8b465ee728b)
Start importing Assets/Art/Modular Pixel Forest/Materials/Foliage/Leaves Point Up Green.mat using Guid(00b091be6b2e5c646acfb4402f45fd5f) Importer(815301076,1909f56bfc062723c751e8b465ee728b)  -> (artifact id: '79da01e51efd782ac572029e147755cb') in 0.042538 seconds 
  Import took 0.046879 seconds .

========================================================================
Received Import Request.
  Time since last request: 0.000273 seconds.
  path: Assets/Art/Modular Pixel Forest/Materials/Foliage/Leaves Point Up Pink.mat
  artifactKey: Guid(5db917913c2fba743affcf92dc67a80d) Importer(815301076,1909f56bfc062723c751e8b465ee728b)
Start importing Assets/Art/Modular Pixel Forest/Materials/Foliage/Leaves Point Up Pink.mat using Guid(5db917913c2fba743affcf92dc67a80d) Importer(815301076,1909f56bfc062723c751e8b465ee728b)  -> (artifact id: '086018f305c0978cf460de77a96b52c5') in 0.044523 seconds 
  Import took 0.048664 seconds .

========================================================================
Received Import Request.
  Time since last request: 0.000287 seconds.
  path: Assets/Art/Modular Pixel Forest/Materials/Foliage/Leaves Point Up Snow.mat
  artifactKey: Guid(98ea140491ff32e42848ff0ea485de74) Importer(815301076,1909f56bfc062723c751e8b465ee728b)
Start importing Assets/Art/Modular Pixel Forest/Materials/Foliage/Leaves Point Up Snow.mat using Guid(98ea140491ff32e42848ff0ea485de74) Importer(815301076,1909f56bfc062723c751e8b465ee728b)  -> (artifact id: 'ec493499a3ecd3e3be08825aa619771a') in 0.032307 seconds 
  Import took 0.036606 seconds .

========================================================================
Received Import Request.
  Time since last request: 0.000274 seconds.
  path: Assets/Art/Modular Pixel Forest/Materials/Foliage/Leaves Point Up Red.mat
  artifactKey: Guid(aeb50d1656cf6b5449bbbcec26b61c3b) Importer(815301076,1909f56bfc062723c751e8b465ee728b)
Start importing Assets/Art/Modular Pixel Forest/Materials/Foliage/Leaves Point Up Red.mat using Guid(aeb50d1656cf6b5449bbbcec26b61c3b) Importer(815301076,1909f56bfc062723c751e8b465ee728b)  -> (artifact id: '0955f77ecd23ceca143b09b2106ea8a4') in 0.035022 seconds 
  Import took 0.038939 seconds .

